2025-07-01 16:10:39 [    INFO] 📝 Log iniciado: logs\amazon_20250701_161039.log
2025-07-01 16:10:39 [    INFO] 🚀 Iniciando scraper Amazon - Termo: 'pneu 175/70 r13 goodyear ', Max: 20
2025-07-01 16:10:39 [   DEBUG] 🔧 Configurando ChromeDriver (headless=False)
2025-07-01 16:10:41 [   DEBUG] ✅ ChromeDriver configurado com sucesso
2025-07-01 16:10:41 [    INFO] 🔍 Buscando 'pneu 175/70 r13 goodyear ' em amazon
2025-07-01 16:10:41 [   DEBUG] 📍 URL: https://www.amazon.com.br/s?k=pneu+175%2F70+r13+goodyear+&page=1
2025-07-01 16:10:44 [   DEBUG] ✅ Cookies aceitos via seletor: #a-autoid-0-announce
2025-07-01 16:10:45 [   DEBUG] 📄 Processando página 1
2025-07-01 16:10:45 [   DEBUG] 📜 Rolando página (altura: 8921px, step: 1115px)
2025-07-01 16:10:52 [   DEBUG] ✅ Encontrados 48 produtos com seletor: div[data-component-type='s-search-result']
2025-07-01 16:10:59 [    INFO] 📦 Coletados 48 novos produtos nesta página
2025-07-01 16:10:59 [    INFO] 📦 Página 1: +48 produtos (Total: 48/20)
2025-07-01 16:10:59 [    INFO] 🎯 Meta de 20 produtos atingida
2025-07-01 16:10:59 [   DEBUG] 🔧 Fechando navegador
2025-07-01 16:11:01 [    INFO] ✅ Busca finalizada: 48 produtos coletados
2025-07-01 16:11:01 [    INFO] ✅ Finalizado - 20 produtos coletados
2025-07-01 16:11:01 [    INFO] 📋 Primeiros produtos encontrados:
2025-07-01 16:11:01 [    INFO]   1. Kit 2 Pneus Goodyear Aro 13 175/70R13 Edge Touring 82T... - R$ 70.00
2025-07-01 16:11:01 [    INFO]   2. Pneu 175/70R13 Goodyear Kelly Edge Touring 2 82T... - R$ 411.66
2025-07-01 16:11:01 [    INFO]   3. Pneu 175/70R13 EDGE TOURING 82T SL... - R$ 414.00
2025-07-01 16:11:01 [    INFO]   4. Pneu 175/70R13 Barum Bravuris 5HM 82T By Continental... - R$ 362.00
2025-07-01 16:11:01 [    INFO]   5. Pneu Goodyear Aro 13 Assurance Maxlife 175/70r13 82t... - R$ 478.27
2025-07-01 16:11:01 [    INFO]   6. Pneu 175/70R13 General Tire Altimax One 82T... - R$ 412.00
2025-07-01 16:11:01 [    INFO]   7. PNEU 175/70R13 FORMULA EVO 82T PIRELLI... - R$ 381.90
2025-07-01 16:11:01 [    INFO]   8. Pneu 175/75 R13 84T Fastway A5 Xbri 175/75 R13... - R$ 15.00
2025-07-01 16:11:01 [    INFO]   9. PNEU GOODYEAR ARO 13 DIRECTION TOURING 2 165/70R13 83T SL... - R$ 90.00
2025-07-01 16:11:01 [    INFO]   10. Pneu 175/70/13 Kit C/2 Unidades Aro 13 - Remold Profissional... - R$ 90.00
