2025-07-01 16:09:25 [    INFO] 📝 Log iniciado: logs\amazon_20250701_160925.log
2025-07-01 16:09:25 [    INFO] 🚀 Iniciando scraper Amazon - Termo: 'pneu 175/70 r13 goodyear ', Max: 20
2025-07-01 16:09:25 [   DEBUG] 🔧 Configurando ChromeDriver (headless=False)
2025-07-01 16:09:28 [   DEBUG] ✅ ChromeDriver configurado com sucesso
2025-07-01 16:09:28 [    INFO] 🔍 Buscando 'pneu 175/70 r13 goodyear ' em amazon
2025-07-01 16:09:28 [   DEBUG] 📍 URL: https://www.amazon.com.br/s?k=pneu+175%2F70+r13+goodyear+&page=1
2025-07-01 16:09:29 [   DEBUG] ℹ️ Banner de cookies não encontrado ou já aceito
2025-07-01 16:09:29 [   DEBUG] 📄 Processando página 1
2025-07-01 16:09:29 [   DEBUG] 📜 Rolando página (altura: 740px, step: 700px)
2025-07-01 16:09:46 [ WARNING] ⚠️ Timeout aguardando carregamento da página
2025-07-01 16:09:46 [    INFO] 📦 Página 1: +0 produtos (Total: 0/20)
2025-07-01 16:09:46 [ WARNING] ⚠️ Página 1 sem produtos novos (1/3)
2025-07-01 16:09:46 [   DEBUG] ❌ Erro ao clicar no botão próxima: Message: invalid session id
Stacktrace:
	GetHandleVerifier [0x0x473b03+62899]
	GetHandleVerifier [0x0x473b44+62964]
	(No symbol) [0x0x2a0f50]
	(No symbol) [0x0x2dc938]
	(No symbol) [0x0x30e3c6]
	(No symbol) [0x0x309e72]
	(No symbol) [0x0x309406]
	(No symbol) [0x0x273a05]
	(No symbol) [0x0x273f5e]
	(No symbol) [0x0x2743fd]
	GetHandleVerifier [0x0x6d4793+2556483]
	GetHandleVerifier [0x0x6cfd02+2537394]
	GetHandleVerifier [0x0x49a2fa+220586]
	GetHandleVerifier [0x0x48aae8+157080]
	GetHandleVerifier [0x0x49141d+184013]
	(No symbol) [0x0x2736d0]
	(No symbol) [0x0x272f47]
	GetHandleVerifier [0x0x80aa2c+3826908]
	BaseThreadInitThunk [0x0x76775d49+25]
	RtlInitializeExceptionChain [0x0x7723d1ab+107]
	RtlGetAppContainerNamedObjectPath [0x0x7723d131+561]

2025-07-01 16:09:46 [   DEBUG] ❌ Erro ao clicar no botão próxima: Message: invalid session id
Stacktrace:
	GetHandleVerifier [0x0x473b03+62899]
	GetHandleVerifier [0x0x473b44+62964]
	(No symbol) [0x0x2a0f50]
	(No symbol) [0x0x2dc938]
	(No symbol) [0x0x30e3c6]
	(No symbol) [0x0x309e72]
	(No symbol) [0x0x309406]
	(No symbol) [0x0x273a05]
	(No symbol) [0x0x273f5e]
	(No symbol) [0x0x2743fd]
	GetHandleVerifier [0x0x6d4793+2556483]
	GetHandleVerifier [0x0x6cfd02+2537394]
	GetHandleVerifier [0x0x49a2fa+220586]
	GetHandleVerifier [0x0x48aae8+157080]
	GetHandleVerifier [0x0x49141d+184013]
	(No symbol) [0x0x2736d0]
	(No symbol) [0x0x272f47]
	GetHandleVerifier [0x0x80aa2c+3826908]
	BaseThreadInitThunk [0x0x76775d49+25]
	RtlInitializeExceptionChain [0x0x7723d1ab+107]
	RtlGetAppContainerNamedObjectPath [0x0x7723d131+561]

2025-07-01 16:09:46 [   DEBUG] ❌ Erro ao clicar no botão próxima: Message: invalid session id
Stacktrace:
	GetHandleVerifier [0x0x473b03+62899]
	GetHandleVerifier [0x0x473b44+62964]
	(No symbol) [0x0x2a0f50]
	(No symbol) [0x0x2dc938]
	(No symbol) [0x0x30e3c6]
	(No symbol) [0x0x309e72]
	(No symbol) [0x0x309406]
	(No symbol) [0x0x273a05]
	(No symbol) [0x0x273f5e]
	(No symbol) [0x0x2743fd]
	GetHandleVerifier [0x0x6d4793+2556483]
	GetHandleVerifier [0x0x6cfd02+2537394]
	GetHandleVerifier [0x0x49a2fa+220586]
	GetHandleVerifier [0x0x48aae8+157080]
	GetHandleVerifier [0x0x49141d+184013]
	(No symbol) [0x0x2736d0]
	(No symbol) [0x0x272f47]
	GetHandleVerifier [0x0x80aa2c+3826908]
	BaseThreadInitThunk [0x0x76775d49+25]
	RtlInitializeExceptionChain [0x0x7723d1ab+107]
	RtlGetAppContainerNamedObjectPath [0x0x7723d131+561]

2025-07-01 16:09:46 [   DEBUG] ❌ Erro ao clicar no botão próxima: Message: invalid session id
Stacktrace:
	GetHandleVerifier [0x0x473b03+62899]
	GetHandleVerifier [0x0x473b44+62964]
	(No symbol) [0x0x2a0f50]
	(No symbol) [0x0x2dc938]
	(No symbol) [0x0x30e3c6]
	(No symbol) [0x0x309e72]
	(No symbol) [0x0x309406]
	(No symbol) [0x0x273a05]
	(No symbol) [0x0x273f5e]
	(No symbol) [0x0x2743fd]
	GetHandleVerifier [0x0x6d4793+2556483]
	GetHandleVerifier [0x0x6cfd02+2537394]
	GetHandleVerifier [0x0x49a2fa+220586]
	GetHandleVerifier [0x0x48aae8+157080]
	GetHandleVerifier [0x0x49141d+184013]
	(No symbol) [0x0x2736d0]
	(No symbol) [0x0x272f47]
	GetHandleVerifier [0x0x80aa2c+3826908]
	BaseThreadInitThunk [0x0x76775d49+25]
	RtlInitializeExceptionChain [0x0x7723d1ab+107]
	RtlGetAppContainerNamedObjectPath [0x0x7723d131+561]

2025-07-01 16:09:46 [   DEBUG] 🔚 Não há próxima página ou botão não encontrado
2025-07-01 16:09:46 [    INFO] 🔚 Não há mais páginas disponíveis
2025-07-01 16:09:46 [   DEBUG] 🔧 Fechando navegador
2025-07-01 16:09:48 [    INFO] ✅ Busca finalizada: 0 produtos coletados
2025-07-01 16:09:48 [    INFO] ✅ Finalizado - 0 produtos coletados
2025-07-01 16:09:48 [ WARNING] ⚠️ Nenhum produto foi encontrado
