2025-06-30 15:39:01 [    INFO] 📝 Log iniciado: logs\amazon_20250630_153901.log
2025-06-30 15:39:01 [    INFO] 🚀 Iniciando scraper Amazon - Termo: 'pneu 175/70 r13 assurance ', Max: 20
2025-06-30 15:39:01 [   DEBUG] 🔧 Configurando ChromeDriver (headless=False)
2025-06-30 15:39:03 [   DEBUG] ✅ ChromeDriver configurado com sucesso
2025-06-30 15:39:03 [    INFO] 🔍 Buscando 'pneu 175/70 r13 assurance ' em amazon
2025-06-30 15:39:03 [   DEBUG] 📍 URL: https://www.amazon.com.br/s?k=pneu+175%2F70+r13+assurance+&page=1
2025-06-30 15:39:06 [   DEBUG] ✅ Cookies aceitos via seletor: #a-autoid-0-announce
2025-06-30 15:39:07 [   DEBUG] 📄 Processando página 1
2025-06-30 15:39:07 [   DEBUG] 📜 Rolando página (altura: 7115px, step: 889px)
2025-06-30 15:39:14 [   DEBUG] ✅ Encontrados 48 produtos com seletor: div[data-component-type='s-search-result']
2025-06-30 15:39:19 [   DEBUG] ❌ Erro ao processar item 38: Message: stale element reference: stale element not found in the current frame
  (Session info: chrome=137.0.7151.120); For documentation on this error, please visit: https://www.selenium.dev/documentation/webdriver/troubleshooting/errors#stale-element-reference-exception
Stacktrace:
	GetHandleVerifier [0x0x893b03+62899]
	GetHandleVerifier [0x0x893b44+62964]
	(No symbol) [0x0x6c10f3]
	(No symbol) [0x0x6c78e0]
	(No symbol) [0x0x6c9c0a]
	(No symbol) [0x0x6c9c87]
	(No symbol) [0x0x7090a4]
	(No symbol) [0x0x709bab]
	(No symbol) [0x0x6fef51]
	(No symbol) [0x0x72e554]
	(No symbol) [0x0x6fee74]
	(No symbol) [0x0x72e784]
	(No symbol) [0x0x74fd81]
	(No symbol) [0x0x72e306]
	(No symbol) [0x0x6fd670]
	(No symbol) [0x0x6fe4e4]
	GetHandleVerifier [0x0xaf4793+2556483]
	GetHandleVerifier [0x0xaefd02+2537394]
	GetHandleVerifier [0x0x8ba2fa+220586]
	GetHandleVerifier [0x0x8aaae8+157080]
	GetHandleVerifier [0x0x8b141d+184013]
	GetHandleVerifier [0x0x89ba68+95512]
	GetHandleVerifier [0x0x89bc10+95936]
	GetHandleVerifier [0x0x886b5a+9738]
	BaseThreadInitThunk [0x0x76795d49+25]
	RtlInitializeExceptionChain [0x0x77e7d1ab+107]
	RtlGetAppContainerNamedObjectPath [0x0x77e7d131+561]

2025-06-30 15:39:19 [   DEBUG] ❌ Erro ao processar item 39: Message: stale element reference: stale element not found in the current frame
  (Session info: chrome=137.0.7151.120); For documentation on this error, please visit: https://www.selenium.dev/documentation/webdriver/troubleshooting/errors#stale-element-reference-exception
Stacktrace:
	GetHandleVerifier [0x0x893b03+62899]
	GetHandleVerifier [0x0x893b44+62964]
	(No symbol) [0x0x6c10f3]
	(No symbol) [0x0x6c78e0]
	(No symbol) [0x0x6c9c0a]
	(No symbol) [0x0x6c9c87]
	(No symbol) [0x0x7090a4]
	(No symbol) [0x0x709bab]
	(No symbol) [0x0x6fef51]
	(No symbol) [0x0x72e554]
	(No symbol) [0x0x6fee74]
	(No symbol) [0x0x72e784]
	(No symbol) [0x0x74fd81]
	(No symbol) [0x0x72e306]
	(No symbol) [0x0x6fd670]
	(No symbol) [0x0x6fe4e4]
	GetHandleVerifier [0x0xaf4793+2556483]
	GetHandleVerifier [0x0xaefd02+2537394]
	GetHandleVerifier [0x0x8ba2fa+220586]
	GetHandleVerifier [0x0x8aaae8+157080]
	GetHandleVerifier [0x0x8b141d+184013]
	GetHandleVerifier [0x0x89ba68+95512]
	GetHandleVerifier [0x0x89bc10+95936]
	GetHandleVerifier [0x0x886b5a+9738]
	BaseThreadInitThunk [0x0x76795d49+25]
	RtlInitializeExceptionChain [0x0x77e7d1ab+107]
	RtlGetAppContainerNamedObjectPath [0x0x77e7d131+561]

2025-06-30 15:39:19 [   DEBUG] ❌ Erro ao processar item 40: Message: stale element reference: stale element not found in the current frame
  (Session info: chrome=137.0.7151.120); For documentation on this error, please visit: https://www.selenium.dev/documentation/webdriver/troubleshooting/errors#stale-element-reference-exception
Stacktrace:
	GetHandleVerifier [0x0x893b03+62899]
	GetHandleVerifier [0x0x893b44+62964]
	(No symbol) [0x0x6c10f3]
	(No symbol) [0x0x6c78e0]
	(No symbol) [0x0x6c9c0a]
	(No symbol) [0x0x6c9c87]
	(No symbol) [0x0x7090a4]
	(No symbol) [0x0x709bab]
	(No symbol) [0x0x6fef51]
	(No symbol) [0x0x72e554]
	(No symbol) [0x0x6fee74]
	(No symbol) [0x0x72e784]
	(No symbol) [0x0x74fd81]
	(No symbol) [0x0x72e306]
	(No symbol) [0x0x6fd670]
	(No symbol) [0x0x6fe4e4]
	GetHandleVerifier [0x0xaf4793+2556483]
	GetHandleVerifier [0x0xaefd02+2537394]
	GetHandleVerifier [0x0x8ba2fa+220586]
	GetHandleVerifier [0x0x8aaae8+157080]
	GetHandleVerifier [0x0x8b141d+184013]
	GetHandleVerifier [0x0x89ba68+95512]
	GetHandleVerifier [0x0x89bc10+95936]
	GetHandleVerifier [0x0x886b5a+9738]
	BaseThreadInitThunk [0x0x76795d49+25]
	RtlInitializeExceptionChain [0x0x77e7d1ab+107]
	RtlGetAppContainerNamedObjectPath [0x0x77e7d131+561]

2025-06-30 15:39:19 [   DEBUG] ❌ Erro ao processar item 41: Message: stale element reference: stale element not found in the current frame
  (Session info: chrome=137.0.7151.120); For documentation on this error, please visit: https://www.selenium.dev/documentation/webdriver/troubleshooting/errors#stale-element-reference-exception
Stacktrace:
	GetHandleVerifier [0x0x893b03+62899]
	GetHandleVerifier [0x0x893b44+62964]
	(No symbol) [0x0x6c10f3]
	(No symbol) [0x0x6c78e0]
	(No symbol) [0x0x6c9c0a]
	(No symbol) [0x0x6c9c87]
	(No symbol) [0x0x7090a4]
	(No symbol) [0x0x709bab]
	(No symbol) [0x0x6fef51]
	(No symbol) [0x0x72e554]
	(No symbol) [0x0x6fee74]
	(No symbol) [0x0x72e784]
	(No symbol) [0x0x74fd81]
	(No symbol) [0x0x72e306]
	(No symbol) [0x0x6fd670]
	(No symbol) [0x0x6fe4e4]
	GetHandleVerifier [0x0xaf4793+2556483]
	GetHandleVerifier [0x0xaefd02+2537394]
	GetHandleVerifier [0x0x8ba2fa+220586]
	GetHandleVerifier [0x0x8aaae8+157080]
	GetHandleVerifier [0x0x8b141d+184013]
	GetHandleVerifier [0x0x89ba68+95512]
	GetHandleVerifier [0x0x89bc10+95936]
	GetHandleVerifier [0x0x886b5a+9738]
	BaseThreadInitThunk [0x0x76795d49+25]
	RtlInitializeExceptionChain [0x0x77e7d1ab+107]
	RtlGetAppContainerNamedObjectPath [0x0x77e7d131+561]

2025-06-30 15:39:19 [   DEBUG] ❌ Erro ao processar item 42: Message: stale element reference: stale element not found in the current frame
  (Session info: chrome=137.0.7151.120); For documentation on this error, please visit: https://www.selenium.dev/documentation/webdriver/troubleshooting/errors#stale-element-reference-exception
Stacktrace:
	GetHandleVerifier [0x0x893b03+62899]
	GetHandleVerifier [0x0x893b44+62964]
	(No symbol) [0x0x6c10f3]
	(No symbol) [0x0x6c78e0]
	(No symbol) [0x0x6c9c0a]
	(No symbol) [0x0x6c9c87]
	(No symbol) [0x0x7090a4]
	(No symbol) [0x0x709bab]
	(No symbol) [0x0x6fef51]
	(No symbol) [0x0x72e554]
	(No symbol) [0x0x6fee74]
	(No symbol) [0x0x72e784]
	(No symbol) [0x0x74fd81]
	(No symbol) [0x0x72e306]
	(No symbol) [0x0x6fd670]
	(No symbol) [0x0x6fe4e4]
	GetHandleVerifier [0x0xaf4793+2556483]
	GetHandleVerifier [0x0xaefd02+2537394]
	GetHandleVerifier [0x0x8ba2fa+220586]
	GetHandleVerifier [0x0x8aaae8+157080]
	GetHandleVerifier [0x0x8b141d+184013]
	GetHandleVerifier [0x0x89ba68+95512]
	GetHandleVerifier [0x0x89bc10+95936]
	GetHandleVerifier [0x0x886b5a+9738]
	BaseThreadInitThunk [0x0x76795d49+25]
	RtlInitializeExceptionChain [0x0x77e7d1ab+107]
	RtlGetAppContainerNamedObjectPath [0x0x77e7d131+561]

2025-06-30 15:39:20 [   DEBUG] ❌ Erro ao processar item 43: Message: stale element reference: stale element not found in the current frame
  (Session info: chrome=137.0.7151.120); For documentation on this error, please visit: https://www.selenium.dev/documentation/webdriver/troubleshooting/errors#stale-element-reference-exception
Stacktrace:
	GetHandleVerifier [0x0x893b03+62899]
	GetHandleVerifier [0x0x893b44+62964]
	(No symbol) [0x0x6c10f3]
	(No symbol) [0x0x6c78e0]
	(No symbol) [0x0x6c9c0a]
	(No symbol) [0x0x6c9c87]
	(No symbol) [0x0x7090a4]
	(No symbol) [0x0x709bab]
	(No symbol) [0x0x6fef51]
	(No symbol) [0x0x72e554]
	(No symbol) [0x0x6fee74]
	(No symbol) [0x0x72e784]
	(No symbol) [0x0x74fd81]
	(No symbol) [0x0x72e306]
	(No symbol) [0x0x6fd670]
	(No symbol) [0x0x6fe4e4]
	GetHandleVerifier [0x0xaf4793+2556483]
	GetHandleVerifier [0x0xaefd02+2537394]
	GetHandleVerifier [0x0x8ba2fa+220586]
	GetHandleVerifier [0x0x8aaae8+157080]
	GetHandleVerifier [0x0x8b141d+184013]
	GetHandleVerifier [0x0x89ba68+95512]
	GetHandleVerifier [0x0x89bc10+95936]
	GetHandleVerifier [0x0x886b5a+9738]
	BaseThreadInitThunk [0x0x76795d49+25]
	RtlInitializeExceptionChain [0x0x77e7d1ab+107]
	RtlGetAppContainerNamedObjectPath [0x0x77e7d131+561]

2025-06-30 15:39:20 [   DEBUG] ❌ Erro ao processar item 44: Message: stale element reference: stale element not found in the current frame
  (Session info: chrome=137.0.7151.120); For documentation on this error, please visit: https://www.selenium.dev/documentation/webdriver/troubleshooting/errors#stale-element-reference-exception
Stacktrace:
	GetHandleVerifier [0x0x893b03+62899]
	GetHandleVerifier [0x0x893b44+62964]
	(No symbol) [0x0x6c10f3]
	(No symbol) [0x0x6c78e0]
	(No symbol) [0x0x6c9c0a]
	(No symbol) [0x0x6c9c87]
	(No symbol) [0x0x7090a4]
	(No symbol) [0x0x709bab]
	(No symbol) [0x0x6fef51]
	(No symbol) [0x0x72e554]
	(No symbol) [0x0x6fee74]
	(No symbol) [0x0x72e784]
	(No symbol) [0x0x74fd81]
	(No symbol) [0x0x72e306]
	(No symbol) [0x0x6fd670]
	(No symbol) [0x0x6fe4e4]
	GetHandleVerifier [0x0xaf4793+2556483]
	GetHandleVerifier [0x0xaefd02+2537394]
	GetHandleVerifier [0x0x8ba2fa+220586]
	GetHandleVerifier [0x0x8aaae8+157080]
	GetHandleVerifier [0x0x8b141d+184013]
	GetHandleVerifier [0x0x89ba68+95512]
	GetHandleVerifier [0x0x89bc10+95936]
	GetHandleVerifier [0x0x886b5a+9738]
	BaseThreadInitThunk [0x0x76795d49+25]
	RtlInitializeExceptionChain [0x0x77e7d1ab+107]
	RtlGetAppContainerNamedObjectPath [0x0x77e7d131+561]

2025-06-30 15:39:20 [   DEBUG] ❌ Erro ao processar item 45: Message: stale element reference: stale element not found in the current frame
  (Session info: chrome=137.0.7151.120); For documentation on this error, please visit: https://www.selenium.dev/documentation/webdriver/troubleshooting/errors#stale-element-reference-exception
Stacktrace:
	GetHandleVerifier [0x0x893b03+62899]
	GetHandleVerifier [0x0x893b44+62964]
	(No symbol) [0x0x6c10f3]
	(No symbol) [0x0x6c78e0]
	(No symbol) [0x0x6c9c0a]
	(No symbol) [0x0x6c9c87]
	(No symbol) [0x0x7090a4]
	(No symbol) [0x0x709bab]
	(No symbol) [0x0x6fef51]
	(No symbol) [0x0x72e554]
	(No symbol) [0x0x6fee74]
	(No symbol) [0x0x72e784]
	(No symbol) [0x0x74fd81]
	(No symbol) [0x0x72e306]
	(No symbol) [0x0x6fd670]
	(No symbol) [0x0x6fe4e4]
	GetHandleVerifier [0x0xaf4793+2556483]
	GetHandleVerifier [0x0xaefd02+2537394]
	GetHandleVerifier [0x0x8ba2fa+220586]
	GetHandleVerifier [0x0x8aaae8+157080]
	GetHandleVerifier [0x0x8b141d+184013]
	GetHandleVerifier [0x0x89ba68+95512]
	GetHandleVerifier [0x0x89bc10+95936]
	GetHandleVerifier [0x0x886b5a+9738]
	BaseThreadInitThunk [0x0x76795d49+25]
	RtlInitializeExceptionChain [0x0x77e7d1ab+107]
	RtlGetAppContainerNamedObjectPath [0x0x77e7d131+561]

2025-06-30 15:39:20 [   DEBUG] ❌ Erro ao processar item 46: Message: stale element reference: stale element not found in the current frame
  (Session info: chrome=137.0.7151.120); For documentation on this error, please visit: https://www.selenium.dev/documentation/webdriver/troubleshooting/errors#stale-element-reference-exception
Stacktrace:
	GetHandleVerifier [0x0x893b03+62899]
	GetHandleVerifier [0x0x893b44+62964]
	(No symbol) [0x0x6c10f3]
	(No symbol) [0x0x6c78e0]
	(No symbol) [0x0x6c9c0a]
	(No symbol) [0x0x6c9c87]
	(No symbol) [0x0x7090a4]
	(No symbol) [0x0x709bab]
	(No symbol) [0x0x6fef51]
	(No symbol) [0x0x72e554]
	(No symbol) [0x0x6fee74]
	(No symbol) [0x0x72e784]
	(No symbol) [0x0x74fd81]
	(No symbol) [0x0x72e306]
	(No symbol) [0x0x6fd670]
	(No symbol) [0x0x6fe4e4]
	GetHandleVerifier [0x0xaf4793+2556483]
	GetHandleVerifier [0x0xaefd02+2537394]
	GetHandleVerifier [0x0x8ba2fa+220586]
	GetHandleVerifier [0x0x8aaae8+157080]
	GetHandleVerifier [0x0x8b141d+184013]
	GetHandleVerifier [0x0x89ba68+95512]
	GetHandleVerifier [0x0x89bc10+95936]
	GetHandleVerifier [0x0x886b5a+9738]
	BaseThreadInitThunk [0x0x76795d49+25]
	RtlInitializeExceptionChain [0x0x77e7d1ab+107]
	RtlGetAppContainerNamedObjectPath [0x0x77e7d131+561]

2025-06-30 15:39:20 [   DEBUG] ❌ Erro ao processar item 47: Message: stale element reference: stale element not found in the current frame
  (Session info: chrome=137.0.7151.120); For documentation on this error, please visit: https://www.selenium.dev/documentation/webdriver/troubleshooting/errors#stale-element-reference-exception
Stacktrace:
	GetHandleVerifier [0x0x893b03+62899]
	GetHandleVerifier [0x0x893b44+62964]
	(No symbol) [0x0x6c10f3]
	(No symbol) [0x0x6c78e0]
	(No symbol) [0x0x6c9c0a]
	(No symbol) [0x0x6c9c87]
	(No symbol) [0x0x7090a4]
	(No symbol) [0x0x709bab]
	(No symbol) [0x0x6fef51]
	(No symbol) [0x0x72e554]
	(No symbol) [0x0x6fee74]
	(No symbol) [0x0x72e784]
	(No symbol) [0x0x74fd81]
	(No symbol) [0x0x72e306]
	(No symbol) [0x0x6fd670]
	(No symbol) [0x0x6fe4e4]
	GetHandleVerifier [0x0xaf4793+2556483]
	GetHandleVerifier [0x0xaefd02+2537394]
	GetHandleVerifier [0x0x8ba2fa+220586]
	GetHandleVerifier [0x0x8aaae8+157080]
	GetHandleVerifier [0x0x8b141d+184013]
	GetHandleVerifier [0x0x89ba68+95512]
	GetHandleVerifier [0x0x89bc10+95936]
	GetHandleVerifier [0x0x886b5a+9738]
	BaseThreadInitThunk [0x0x76795d49+25]
	RtlInitializeExceptionChain [0x0x77e7d1ab+107]
	RtlGetAppContainerNamedObjectPath [0x0x77e7d131+561]

2025-06-30 15:39:20 [    INFO] 📦 Coletados 38 novos produtos nesta página
2025-06-30 15:39:20 [    INFO] 📦 Página 1: +38 produtos (Total: 38/20)
2025-06-30 15:39:20 [    INFO] 🎯 Meta de 20 produtos atingida
2025-06-30 15:39:20 [   DEBUG] 🔧 Fechando navegador
2025-06-30 15:39:22 [    INFO] ✅ Busca finalizada: 38 produtos coletados
2025-06-30 15:39:22 [    INFO] ✅ Finalizado - 20 produtos coletados
2025-06-30 15:39:22 [    INFO] 📋 Primeiros produtos encontrados:
2025-06-30 15:39:22 [    INFO]   1. Pneu 175/70R13 General Tire Altimax One 82T... - R$ 412.00
2025-06-30 15:39:22 [    INFO]   2. Pneu 175/70R13 Barum Bravuris 5HM 82T By Continental... - R$ 362.00
2025-06-30 15:39:22 [    INFO]   3. Pneu 175/70R13 Goodyear Kelly Edge Touring 2 82T... - R$ 411.66
